Removed Pin From Net: NetName=NetCN5_5 Pin=K1-COM
Removed Pin From Net: NetName=NetCN5_3 Pin=K1-NC
Removed Pin From Net: NetName=NetCN5_4 Pin=K1-NO
Removed Pin From Net: NetName=NetCN5_2 Pin=K2-COM
Removed Pin From Net: NetName=NetCN4_5 Pin=K2-NC
Removed Pin From Net: NetName=NetCN5_1 Pin=K2-NO
Removed Pin From Net: NetName=NetCN4_4 Pin=K3-COM
Removed Pin From Net: NetName=NetCN4_2 Pin=K3-NC
Removed Pin From Net: NetName=NetCN4_3 Pin=K3-NO
Removed Pin From Net: NetName=NetCN4_1 Pin=K4-COM
Removed Pin From Net: NetName=NetCN3_4 Pin=K4-NC
Removed Pin From Net: NetName=NetCN3_5 Pin=K4-NO
Removed Pin From Net: NetName=NetCN3_3 Pin=K5-COM
Removed Pin From Net: NetName=NetCN3_1 Pin=K5-NC
Removed Pin From Net: NetName=NetCN3_2 Pin=K5-NO
Added Pin To Net: NetName=NetCN5_4 Pin=K1-COM
Added Pin To Net: NetName=NetCN5_5 Pin=K1-NC
Added Pin To Net: NetName=NetCN5_3 Pin=K1-NO
Added Pin To Net: NetName=NetCN5_1 Pin=K2-COM
Added Pin To Net: NetName=NetCN5_2 Pin=K2-NC
Added Pin To Net: NetName=NetCN4_5 Pin=K2-NO
Added Pin To Net: NetName=NetCN4_3 Pin=K3-COM
Added Pin To Net: NetName=NetCN4_4 Pin=K3-NC
Added Pin To Net: NetName=NetCN4_2 Pin=K3-NO
Added Pin To Net: NetName=NetCN3_5 Pin=K4-COM
Added Pin To Net: NetName=NetCN4_1 Pin=K4-NC
Added Pin To Net: NetName=NetCN3_4 Pin=K4-NO
Added Pin To Net: NetName=NetCN3_2 Pin=K5-COM
Added Pin To Net: NetName=NetCN3_3 Pin=K5-NC
Added Pin To Net: NetName=NetCN3_1 Pin=K5-NO
